2025-05-18 21:42:04,124 INFO: ==== 서버 시작 ==== [in /home/mac/dev_ws/project/iot-repo-3/server/main.py:17]
2025-05-18 21:43:16,085 INFO: ==== 서버 시작 ==== [in /home/mac/dev_ws/project/iot-repo-3/server/main.py:17]
2025-05-18 21:43:16,200 WARNING: DB 연결 없음 - 기본 선반 목록 생성 [in /home/mac/dev_ws/project/iot-repo-3/server/main.py:30]
2025-05-18 21:43:16,232 INFO: 단일 포트 모드로 TCP 핸들러 초기화 [in /home/mac/dev_ws/project/iot-repo-3/server/main.py:92]
2025-05-18 21:43:16,233 INFO: ==== TCP 서버 상태 ==== [in /home/mac/dev_ws/project/iot-repo-3/server/main.py:100]
2025-05-18 21:43:16,234 INFO: TCP 서버 주소: 0.0.0.0:9000 [in /home/mac/dev_ws/project/iot-repo-3/server/main.py:101]
2025-05-18 21:43:16,234 INFO: 연결 대기 중... 장치가 연결되면 로그에 표시됩니다. [in /home/mac/dev_ws/project/iot-repo-3/server/main.py:104]
2025-05-18 21:43:16,245 INFO: Sort 컨트롤러 초기화 성공 - 블루프린트에 등록 중 [in /home/mac/dev_ws/project/iot-repo-3/server/main.py:160]
2025-05-18 21:43:19,627 INFO: 클라이언트 WebSocket 연결됨 [in /home/mac/dev_ws/project/iot-repo-3/server/main.py:55]
2025-05-18 21:43:38,078 INFO: 클라이언트 WebSocket 연결 종료됨 [in /home/mac/dev_ws/project/iot-repo-3/server/main.py:76]
2025-05-18 21:44:06,522 INFO: 클라이언트 WebSocket 연결됨 [in /home/mac/dev_ws/project/iot-repo-3/server/main.py:55]
2025-05-18 21:47:57,725 INFO: ==== 서버 종료 ==== [in /home/mac/dev_ws/project/iot-repo-3/server/main.py:216]
2025-05-18 21:48:07,977 INFO: ==== 서버 시작 ==== [in /home/mac/dev_ws/project/iot-repo-3/server/main.py:17]
2025-05-18 21:48:08,939 WARNING: DB 연결 없음 - 기본 선반 목록 생성 [in /home/mac/dev_ws/project/iot-repo-3/server/main.py:30]
2025-05-18 21:48:08,971 INFO: 단일 포트 모드로 TCP 핸들러 초기화 [in /home/mac/dev_ws/project/iot-repo-3/server/main.py:92]
2025-05-18 21:48:08,973 INFO: ==== TCP 서버 상태 ==== [in /home/mac/dev_ws/project/iot-repo-3/server/main.py:100]
2025-05-18 21:48:08,973 INFO: TCP 서버 주소: 0.0.0.0:9000 [in /home/mac/dev_ws/project/iot-repo-3/server/main.py:101]
2025-05-18 21:48:08,973 INFO: 연결 대기 중... 장치가 연결되면 로그에 표시됩니다. [in /home/mac/dev_ws/project/iot-repo-3/server/main.py:104]
2025-05-18 21:48:08,984 INFO: Sort 컨트롤러 초기화 성공 - 블루프린트에 등록 중 [in /home/mac/dev_ws/project/iot-repo-3/server/main.py:160]
2025-05-18 21:48:11,543 INFO: 클라이언트 WebSocket 연결됨 [in /home/mac/dev_ws/project/iot-repo-3/server/main.py:55]
2025-05-18 21:48:19,456 INFO: 클라이언트 WebSocket 연결 종료됨 [in /home/mac/dev_ws/project/iot-repo-3/server/main.py:76]
2025-05-18 21:48:19,508 INFO: ==== 서버 종료 ==== [in /home/mac/dev_ws/project/iot-repo-3/server/main.py:216]
2025-05-18 21:48:56,416 INFO: ==== 서버 시작 ==== [in /home/mac/dev_ws/project/iot-repo-3/server/main.py:17]
2025-05-18 21:48:56,522 WARNING: DB 연결 없음 - 기본 선반 목록 생성 [in /home/mac/dev_ws/project/iot-repo-3/server/main.py:30]
2025-05-18 21:48:56,553 INFO: 단일 포트 모드로 TCP 핸들러 초기화 [in /home/mac/dev_ws/project/iot-repo-3/server/main.py:92]
2025-05-18 21:48:56,555 INFO: ==== TCP 서버 상태 ==== [in /home/mac/dev_ws/project/iot-repo-3/server/main.py:100]
2025-05-18 21:48:56,555 INFO: TCP 서버 주소: 0.0.0.0:9000 [in /home/mac/dev_ws/project/iot-repo-3/server/main.py:101]
2025-05-18 21:48:56,555 INFO: 연결 대기 중... 장치가 연결되면 로그에 표시됩니다. [in /home/mac/dev_ws/project/iot-repo-3/server/main.py:104]
2025-05-18 21:48:56,565 INFO: Sort 컨트롤러 초기화 성공 - 블루프린트에 등록 중 [in /home/mac/dev_ws/project/iot-repo-3/server/main.py:160]
2025-05-18 21:48:59,966 INFO: 클라이언트 WebSocket 연결됨 [in /home/mac/dev_ws/project/iot-repo-3/server/main.py:55]
2025-05-18 22:46:25,870 INFO: 클라이언트 WebSocket 연결 종료됨 [in /home/mac/dev_ws/project/iot-repo-3/server/main.py:76]
2025-05-18 22:46:26,476 INFO: ==== 서버 종료 ==== [in /home/mac/dev_ws/project/iot-repo-3/server/main.py:216]
2025-05-18 22:46:31,692 INFO: ==== 서버 시작 ==== [in /home/mac/dev_ws/project/iot-repo-3/server/main.py:17]
2025-05-18 22:46:31,795 WARNING: DB 연결 없음 - 기본 선반 목록 생성 [in /home/mac/dev_ws/project/iot-repo-3/server/main.py:30]
2025-05-18 22:46:31,826 INFO: 단일 포트 모드로 TCP 핸들러 초기화 [in /home/mac/dev_ws/project/iot-repo-3/server/main.py:92]
2025-05-18 22:46:31,828 INFO: ==== TCP 서버 상태 ==== [in /home/mac/dev_ws/project/iot-repo-3/server/main.py:100]
2025-05-18 22:46:31,828 INFO: TCP 서버 주소: 0.0.0.0:9000 [in /home/mac/dev_ws/project/iot-repo-3/server/main.py:101]
2025-05-18 22:46:31,828 INFO: 연결 대기 중... 장치가 연결되면 로그에 표시됩니다. [in /home/mac/dev_ws/project/iot-repo-3/server/main.py:104]
2025-05-18 22:46:31,841 INFO: Sort 컨트롤러 초기화 성공 - 블루프린트에 등록 중 [in /home/mac/dev_ws/project/iot-repo-3/server/main.py:160]
2025-05-18 22:47:25,316 INFO: 클라이언트 WebSocket 연결됨 [in /home/mac/dev_ws/project/iot-repo-3/server/main.py:55]
2025-05-18 22:47:30,609 INFO: 클라이언트 WebSocket 연결 종료됨 [in /home/mac/dev_ws/project/iot-repo-3/server/main.py:76]
2025-05-18 22:47:40,782 INFO: 클라이언트 WebSocket 연결됨 [in /home/mac/dev_ws/project/iot-repo-3/server/main.py:55]
2025-05-18 22:47:43,692 INFO: 클라이언트 WebSocket 연결 종료됨 [in /home/mac/dev_ws/project/iot-repo-3/server/main.py:76]
2025-05-18 22:52:10,865 INFO: ==== 서버 종료 ==== [in /home/mac/dev_ws/project/iot-repo-3/server/main.py:216]
2025-05-18 22:52:12,258 INFO: ==== 서버 시작 ==== [in /home/mac/dev_ws/project/iot-repo-3/server/main.py:17]
2025-05-18 22:52:12,365 WARNING: DB 연결 없음 - 기본 선반 목록 생성 [in /home/mac/dev_ws/project/iot-repo-3/server/main.py:30]
2025-05-18 22:52:12,398 INFO: 단일 포트 모드로 TCP 핸들러 초기화 [in /home/mac/dev_ws/project/iot-repo-3/server/main.py:92]
2025-05-18 22:52:12,400 INFO: ==== TCP 서버 상태 ==== [in /home/mac/dev_ws/project/iot-repo-3/server/main.py:100]
2025-05-18 22:52:12,400 INFO: TCP 서버 주소: 0.0.0.0:9000 [in /home/mac/dev_ws/project/iot-repo-3/server/main.py:101]
2025-05-18 22:52:12,400 INFO: 연결 대기 중... 장치가 연결되면 로그에 표시됩니다. [in /home/mac/dev_ws/project/iot-repo-3/server/main.py:104]
2025-05-18 22:52:12,411 INFO: Sort 컨트롤러 초기화 성공 - 블루프린트에 등록 중 [in /home/mac/dev_ws/project/iot-repo-3/server/main.py:160]
2025-05-18 22:52:15,407 INFO: 클라이언트 WebSocket 연결됨 [in /home/mac/dev_ws/project/iot-repo-3/server/main.py:55]
2025-05-18 22:58:55,870 INFO: 클라이언트 WebSocket 연결 종료됨 [in /home/mac/dev_ws/project/iot-repo-3/server/main.py:76]
2025-05-18 22:58:56,482 INFO: ==== 서버 종료 ==== [in /home/mac/dev_ws/project/iot-repo-3/server/main.py:216]
2025-05-18 22:59:00,388 INFO: ==== 서버 시작 ==== [in /home/mac/dev_ws/project/iot-repo-3/server/main.py:17]
2025-05-18 22:59:00,497 WARNING: DB 연결 없음 - 기본 선반 목록 생성 [in /home/mac/dev_ws/project/iot-repo-3/server/main.py:30]
2025-05-18 22:59:00,531 INFO: 단일 포트 모드로 TCP 핸들러 초기화 [in /home/mac/dev_ws/project/iot-repo-3/server/main.py:92]
2025-05-18 22:59:00,533 INFO: ==== TCP 서버 상태 ==== [in /home/mac/dev_ws/project/iot-repo-3/server/main.py:100]
2025-05-18 22:59:00,533 INFO: TCP 서버 주소: 0.0.0.0:9000 [in /home/mac/dev_ws/project/iot-repo-3/server/main.py:101]
2025-05-18 22:59:00,533 INFO: 연결 대기 중... 장치가 연결되면 로그에 표시됩니다. [in /home/mac/dev_ws/project/iot-repo-3/server/main.py:104]
2025-05-18 22:59:00,545 INFO: Sort 컨트롤러 초기화 성공 - 블루프린트에 등록 중 [in /home/mac/dev_ws/project/iot-repo-3/server/main.py:160]
2025-05-18 22:59:04,298 INFO: 클라이언트 WebSocket 연결됨 [in /home/mac/dev_ws/project/iot-repo-3/server/main.py:55]
2025-05-18 23:03:13,868 INFO: 클라이언트 WebSocket 연결 종료됨 [in /home/mac/dev_ws/project/iot-repo-3/server/main.py:76]
2025-05-18 23:03:14,524 INFO: ==== 서버 종료 ==== [in /home/mac/dev_ws/project/iot-repo-3/server/main.py:216]
2025-05-18 23:03:19,818 INFO: ==== 서버 시작 ==== [in /home/mac/dev_ws/project/iot-repo-3/server/main.py:17]
2025-05-18 23:03:19,931 WARNING: DB 연결 없음 - 기본 선반 목록 생성 [in /home/mac/dev_ws/project/iot-repo-3/server/main.py:30]
2025-05-18 23:03:19,965 INFO: 단일 포트 모드로 TCP 핸들러 초기화 [in /home/mac/dev_ws/project/iot-repo-3/server/main.py:92]
2025-05-18 23:03:19,967 INFO: ==== TCP 서버 상태 ==== [in /home/mac/dev_ws/project/iot-repo-3/server/main.py:100]
2025-05-18 23:03:19,967 INFO: TCP 서버 주소: 0.0.0.0:9000 [in /home/mac/dev_ws/project/iot-repo-3/server/main.py:101]
2025-05-18 23:03:19,967 INFO: 연결 대기 중... 장치가 연결되면 로그에 표시됩니다. [in /home/mac/dev_ws/project/iot-repo-3/server/main.py:104]
2025-05-18 23:03:19,979 INFO: Sort 컨트롤러 초기화 성공 - 블루프린트에 등록 중 [in /home/mac/dev_ws/project/iot-repo-3/server/main.py:160]
2025-05-18 23:03:24,092 INFO: 클라이언트 WebSocket 연결됨 [in /home/mac/dev_ws/project/iot-repo-3/server/main.py:55]
2025-05-18 23:06:38,353 INFO: ==== 서버 종료 ==== [in /home/mac/dev_ws/project/iot-repo-3/server/main.py:216]
2025-05-18 23:40:16,292 INFO: ==== 서버 시작 ==== [in /home/mac/dev_ws/project/iot-repo-3/server/main.py:17]
2025-05-18 23:40:16,339 WARNING: DB 연결 없음 - 기본 선반 목록 생성 [in /home/mac/dev_ws/project/iot-repo-3/server/main.py:30]
2025-05-18 23:40:16,352 INFO: 단일 포트 모드로 TCP 핸들러 초기화 [in /home/mac/dev_ws/project/iot-repo-3/server/main.py:92]
2025-05-18 23:40:16,353 INFO: ==== TCP 서버 상태 ==== [in /home/mac/dev_ws/project/iot-repo-3/server/main.py:100]
2025-05-18 23:40:16,353 INFO: TCP 서버 주소: 0.0.0.0:9000 [in /home/mac/dev_ws/project/iot-repo-3/server/main.py:101]
2025-05-18 23:40:16,353 INFO: 연결 대기 중... 장치가 연결되면 로그에 표시됩니다. [in /home/mac/dev_ws/project/iot-repo-3/server/main.py:104]
2025-05-18 23:40:16,357 INFO: Sort 컨트롤러 초기화 성공 - 블루프린트에 등록 중 [in /home/mac/dev_ws/project/iot-repo-3/server/main.py:160]
2025-05-18 23:40:19,073 INFO: 클라이언트 WebSocket 연결됨 [in /home/mac/dev_ws/project/iot-repo-3/server/main.py:55]
2025-05-18 23:51:46,126 INFO: ==== 서버 종료 ==== [in /home/mac/dev_ws/project/iot-repo-3/server/main.py:216]
2025-05-18 23:51:50,547 INFO: ==== 서버 시작 ==== [in /home/mac/dev_ws/project/iot-repo-3/server/main.py:17]
2025-05-18 23:51:50,595 WARNING: DB 연결 없음 - 기본 선반 목록 생성 [in /home/mac/dev_ws/project/iot-repo-3/server/main.py:30]
2025-05-18 23:51:50,608 INFO: 단일 포트 모드로 TCP 핸들러 초기화 [in /home/mac/dev_ws/project/iot-repo-3/server/main.py:92]
2025-05-18 23:51:50,609 INFO: ==== TCP 서버 상태 ==== [in /home/mac/dev_ws/project/iot-repo-3/server/main.py:100]
2025-05-18 23:51:50,609 INFO: TCP 서버 주소: 0.0.0.0:9000 [in /home/mac/dev_ws/project/iot-repo-3/server/main.py:101]
2025-05-18 23:51:50,609 INFO: 연결 대기 중... 장치가 연결되면 로그에 표시됩니다. [in /home/mac/dev_ws/project/iot-repo-3/server/main.py:104]
2025-05-18 23:51:50,615 INFO: Sort 컨트롤러 초기화 성공 - 블루프린트에 등록 중 [in /home/mac/dev_ws/project/iot-repo-3/server/main.py:160]
2025-05-18 23:51:53,310 INFO: 클라이언트 WebSocket 연결됨 [in /home/mac/dev_ws/project/iot-repo-3/server/main.py:55]
2025-05-18 23:52:12,880 INFO: 클라이언트 WebSocket 연결 종료됨 [in /home/mac/dev_ws/project/iot-repo-3/server/main.py:76]
2025-05-19 12:40:59,883 INFO: ==== 서버 시작 ==== [in /home/mac/Documents/GitHub/iot-repo-3/server/main.py:17]
2025-05-19 12:41:00,128 WARNING: DB 연결 없음 - 기본 선반 목록 생성 [in /home/mac/Documents/GitHub/iot-repo-3/server/main.py:30]
2025-05-19 12:41:00,171 INFO: 단일 포트 모드로 TCP 핸들러 초기화 [in /home/mac/Documents/GitHub/iot-repo-3/server/main.py:92]
2025-05-19 12:41:00,172 INFO: ==== TCP 서버 상태 ==== [in /home/mac/Documents/GitHub/iot-repo-3/server/main.py:100]
2025-05-19 12:41:00,172 INFO: TCP 서버 주소: 0.0.0.0:9000 [in /home/mac/Documents/GitHub/iot-repo-3/server/main.py:101]
2025-05-19 12:41:00,172 INFO: 연결 대기 중... 장치가 연결되면 로그에 표시됩니다. [in /home/mac/Documents/GitHub/iot-repo-3/server/main.py:104]
2025-05-19 12:41:00,200 INFO: Sort 컨트롤러 초기화 성공 - 블루프린트에 등록 중 [in /home/mac/Documents/GitHub/iot-repo-3/server/main.py:160]
2025-05-19 12:42:13,463 INFO: 클라이언트 WebSocket 연결됨 [in /home/mac/Documents/GitHub/iot-repo-3/server/main.py:55]
2025-05-19 13:00:12,118 INFO: 클라이언트 WebSocket 연결 종료됨 [in /home/mac/Documents/GitHub/iot-repo-3/server/main.py:76]
2025-05-19 13:00:17,650 INFO: ==== 서버 종료 ==== [in /home/mac/Documents/GitHub/iot-repo-3/server/main.py:216]
2025-05-19 13:00:23,556 INFO: ==== 서버 시작 ==== [in /home/mac/Documents/GitHub/iot-repo-3/server/main.py:17]
2025-05-19 13:00:23,695 WARNING: DB 연결 없음 - 기본 선반 목록 생성 [in /home/mac/Documents/GitHub/iot-repo-3/server/main.py:30]
2025-05-19 13:00:23,727 INFO: 단일 포트 모드로 TCP 핸들러 초기화 [in /home/mac/Documents/GitHub/iot-repo-3/server/main.py:92]
2025-05-19 13:00:23,734 INFO: ==== TCP 서버 상태 ==== [in /home/mac/Documents/GitHub/iot-repo-3/server/main.py:100]
2025-05-19 13:00:23,734 INFO: TCP 서버 주소: 0.0.0.0:9000 [in /home/mac/Documents/GitHub/iot-repo-3/server/main.py:101]
2025-05-19 13:00:23,734 INFO: 연결 대기 중... 장치가 연결되면 로그에 표시됩니다. [in /home/mac/Documents/GitHub/iot-repo-3/server/main.py:104]
2025-05-19 13:00:23,759 INFO: Sort 컨트롤러 초기화 성공 - 블루프린트에 등록 중 [in /home/mac/Documents/GitHub/iot-repo-3/server/main.py:160]
2025-05-19 13:00:29,083 INFO: 클라이언트 WebSocket 연결됨 [in /home/mac/Documents/GitHub/iot-repo-3/server/main.py:55]
2025-05-19 13:05:19,373 INFO: ==== 서버 종료 ==== [in /home/mac/Documents/GitHub/iot-repo-3/server/main.py:216]
2025-05-19 13:05:27,160 INFO: ==== 서버 시작 ==== [in /home/mac/Documents/GitHub/iot-repo-3/server/main.py:17]
2025-05-19 13:05:27,299 WARNING: DB 연결 없음 - 기본 선반 목록 생성 [in /home/mac/Documents/GitHub/iot-repo-3/server/main.py:30]
2025-05-19 13:05:27,330 INFO: 단일 포트 모드로 TCP 핸들러 초기화 [in /home/mac/Documents/GitHub/iot-repo-3/server/main.py:92]
2025-05-19 13:05:27,331 INFO: ==== TCP 서버 상태 ==== [in /home/mac/Documents/GitHub/iot-repo-3/server/main.py:100]
2025-05-19 13:05:27,332 INFO: TCP 서버 주소: 0.0.0.0:9000 [in /home/mac/Documents/GitHub/iot-repo-3/server/main.py:101]
2025-05-19 13:05:27,332 INFO: 연결 대기 중... 장치가 연결되면 로그에 표시됩니다. [in /home/mac/Documents/GitHub/iot-repo-3/server/main.py:104]
2025-05-19 13:05:27,345 INFO: Sort 컨트롤러 초기화 성공 - 블루프린트에 등록 중 [in /home/mac/Documents/GitHub/iot-repo-3/server/main.py:160]
2025-05-19 13:05:34,364 INFO: 클라이언트 WebSocket 연결됨 [in /home/mac/Documents/GitHub/iot-repo-3/server/main.py:55]
2025-05-19 13:09:01,144 INFO: 클라이언트 WebSocket 연결 종료됨 [in /home/mac/Documents/GitHub/iot-repo-3/server/main.py:76]
2025-05-19 13:09:07,620 INFO: ==== 서버 종료 ==== [in /home/mac/Documents/GitHub/iot-repo-3/server/main.py:216]
2025-05-19 13:12:25,938 INFO: ==== 서버 시작 ==== [in /home/mac/Documents/GitHub/iot-repo-3/server/main.py:17]
2025-05-19 13:12:26,491 WARNING: DB 연결 없음 - 기본 선반 목록 생성 [in /home/mac/Documents/GitHub/iot-repo-3/server/main.py:30]
2025-05-19 13:12:26,516 INFO: 단일 포트 모드로 TCP 핸들러 초기화 [in /home/mac/Documents/GitHub/iot-repo-3/server/main.py:92]
2025-05-19 13:12:26,517 INFO: ==== TCP 서버 상태 ==== [in /home/mac/Documents/GitHub/iot-repo-3/server/main.py:100]
2025-05-19 13:12:26,517 INFO: TCP 서버 주소: 0.0.0.0:9000 [in /home/mac/Documents/GitHub/iot-repo-3/server/main.py:101]
2025-05-19 13:12:26,517 INFO: 연결 대기 중... 장치가 연결되면 로그에 표시됩니다. [in /home/mac/Documents/GitHub/iot-repo-3/server/main.py:104]
2025-05-19 13:12:26,525 INFO: Sort 컨트롤러 초기화 성공 - 블루프린트에 등록 중 [in /home/mac/Documents/GitHub/iot-repo-3/server/main.py:160]
2025-05-19 13:12:33,210 INFO: 클라이언트 WebSocket 연결됨 [in /home/mac/Documents/GitHub/iot-repo-3/server/main.py:55]
